[12:56:51] [main/INFO]: Environment: authHost='https://authserver.mojang.com', accountsHost='https://api.mojang.com', sessionHost='https://sessionserver.mojang.com', servicesHost='https://api.minecraftservices.com', name='PROD'
[12:56:51] [main/WARN]: Ambiguity between arguments [teleport, location] and [teleport, destination] with inputs: [0.1 -0.5 .9, 0 0 0]
[12:56:51] [main/WARN]: Ambiguity between arguments [teleport, location] and [teleport, targets] with inputs: [0.1 -0.5 .9, 0 0 0]
[12:56:51] [main/WARN]: Ambiguity between arguments [teleport, destination] and [teleport, targets] with inputs: [Player, 0123, @e, dd12be42-52a9-4a91-a8a1-11c01849e498]
[12:56:51] [main/WARN]: Ambiguity between arguments [teleport, targets] and [teleport, destination] with inputs: [Player, 0123, dd12be42-52a9-4a91-a8a1-11c01849e498]
[12:56:51] [main/WARN]: Ambiguity between arguments [teleport, targets, location] and [teleport, targets, destination] with inputs: [0.1 -0.5 .9, 0 0 0]
[12:56:51] [main/INFO]: Reloading ResourceManager: Default
[12:56:52] [Worker-Main-6/INFO]: Loaded 7 recipes
[12:56:53] [Worker-Main-6/INFO]: Loaded 1137 advancements
[12:56:57] [Server thread/INFO]: Starting minecraft server version 1.17.1
[12:56:57] [Server thread/INFO]: Loading properties
[12:56:57] [Server thread/INFO]: Default game type: SURVIVAL
[12:56:57] [Server thread/INFO]: Generating keypair
[12:56:57] [Server console handler/ERROR]: Exception handling console input
java.io.IOException: O identificador é inválido
	at java.io.FileInputStream.readBytes(Native Method) ~[?:?]
	at java.io.FileInputStream.read(FileInputStream.java:276) ~[?:?]
	at java.io.BufferedInputStream.read1(BufferedInputStream.java:282) ~[?:?]
	at java.io.BufferedInputStream.read(BufferedInputStream.java:343) ~[?:?]
	at sun.nio.cs.StreamDecoder.readBytes(StreamDecoder.java:270) ~[?:?]
	at sun.nio.cs.StreamDecoder.implRead(StreamDecoder.java:313) ~[?:?]
	at sun.nio.cs.StreamDecoder.read(StreamDecoder.java:188) ~[?:?]
	at java.io.InputStreamReader.read(InputStreamReader.java:177) ~[?:?]
	at java.io.BufferedReader.fill(BufferedReader.java:162) ~[?:?]
	at java.io.BufferedReader.readLine(BufferedReader.java:329) ~[?:?]
	at java.io.BufferedReader.readLine(BufferedReader.java:396) ~[?:?]
	at aas$1.run(SourceFile:101) [server.jar:?]
[12:56:57] [Server thread/INFO]: Starting Minecraft server on *:25565
[12:56:57] [Server thread/INFO]: Using default channel type
[12:56:58] [Server thread/INFO]: Preparing level "world"
[12:57:07] [Server thread/INFO]: Preparing start region for dimension minecraft:overworld
[12:57:08] [Worker-Main-6/INFO]: Preparing spawn area: 0%
[12:57:08] [Worker-Main-6/INFO]: Preparing spawn area: 0%
[12:57:08] [Worker-Main-6/INFO]: Preparing spawn area: 0%
[12:57:09] [Worker-Main-5/INFO]: Preparing spawn area: 0%
[12:57:09] [Worker-Main-4/INFO]: Preparing spawn area: 0%
[12:57:09] [Worker-Main-4/INFO]: Preparing spawn area: 0%
[12:57:10] [Worker-Main-5/INFO]: Preparing spawn area: 0%
[12:57:10] [Worker-Main-4/INFO]: Preparing spawn area: 1%
[12:57:11] [Worker-Main-4/INFO]: Preparing spawn area: 1%
[12:57:11] [Worker-Main-5/INFO]: Preparing spawn area: 2%
[12:57:12] [Worker-Main-5/INFO]: Preparing spawn area: 3%
[12:57:12] [Worker-Main-4/INFO]: Preparing spawn area: 3%
[12:57:13] [Worker-Main-4/INFO]: Preparing spawn area: 3%
[12:57:13] [Worker-Main-6/INFO]: Preparing spawn area: 5%
[12:57:14] [Worker-Main-6/INFO]: Preparing spawn area: 5%
[12:57:14] [Worker-Main-4/INFO]: Preparing spawn area: 9%
[12:57:15] [Worker-Main-5/INFO]: Preparing spawn area: 9%
[12:57:16] [Worker-Main-4/INFO]: Preparing spawn area: 11%
[12:57:16] [Worker-Main-6/INFO]: Preparing spawn area: 12%
[12:57:16] [Worker-Main-4/INFO]: Preparing spawn area: 12%
[12:57:17] [Worker-Main-6/INFO]: Preparing spawn area: 12%
[12:57:17] [Worker-Main-6/INFO]: Preparing spawn area: 15%
[12:57:18] [Worker-Main-6/INFO]: Preparing spawn area: 15%
[12:57:18] [Worker-Main-5/INFO]: Preparing spawn area: 18%
[12:57:19] [Worker-Main-5/INFO]: Preparing spawn area: 18%
[12:57:20] [Worker-Main-5/INFO]: Preparing spawn area: 18%
[12:57:20] [Worker-Main-5/INFO]: Preparing spawn area: 18%
[12:57:20] [Worker-Main-6/INFO]: Preparing spawn area: 23%
[12:57:21] [Worker-Main-5/INFO]: Preparing spawn area: 27%
[12:57:21] [Worker-Main-5/INFO]: Preparing spawn area: 27%
[12:57:22] [Worker-Main-6/INFO]: Preparing spawn area: 32%
[12:57:22] [Worker-Main-6/INFO]: Preparing spawn area: 32%
[12:57:23] [Worker-Main-6/INFO]: Preparing spawn area: 32%
[12:57:23] [Worker-Main-6/INFO]: Preparing spawn area: 32%
[12:57:24] [Worker-Main-4/INFO]: Preparing spawn area: 37%
[12:57:24] [Worker-Main-4/INFO]: Preparing spawn area: 37%
[12:57:25] [Worker-Main-6/INFO]: Preparing spawn area: 37%
[12:57:25] [Worker-Main-4/INFO]: Preparing spawn area: 44%
[12:57:26] [Worker-Main-6/INFO]: Preparing spawn area: 45%
[12:57:26] [Worker-Main-6/INFO]: Preparing spawn area: 45%
[12:57:27] [Worker-Main-4/INFO]: Preparing spawn area: 45%
[12:57:27] [Worker-Main-4/INFO]: Preparing spawn area: 56%
[12:57:29] [Worker-Main-6/INFO]: Preparing spawn area: 57%
[12:57:29] [Worker-Main-4/INFO]: Preparing spawn area: 57%
[12:57:29] [Worker-Main-4/INFO]: Preparing spawn area: 57%
[12:57:29] [Worker-Main-4/INFO]: Preparing spawn area: 69%
[12:57:31] [Worker-Main-6/INFO]: Preparing spawn area: 74%
[12:57:31] [Worker-Main-6/INFO]: Preparing spawn area: 74%
[12:57:31] [Worker-Main-6/INFO]: Preparing spawn area: 74%
[12:57:31] [Worker-Main-5/INFO]: Preparing spawn area: 84%
[12:57:32] [Worker-Main-4/INFO]: Preparing spawn area: 92%
[12:57:32] [Worker-Main-5/INFO]: Preparing spawn area: 92%
[12:57:33] [Server thread/INFO]: Time elapsed: 25776 ms
[12:57:33] [Server thread/INFO]: Done (34.861s)! For help, type "help"
[12:57:50] [Server thread/INFO]: Stopping the server
[12:57:50] [Server thread/INFO]: Stopping server
[12:57:50] [Server thread/INFO]: Saving players
[12:57:50] [Server thread/INFO]: Saving worlds
[12:57:50] [Server thread/INFO]: Saving chunks for level 'ServerLevel[world]'/minecraft:overworld
[12:57:54] [Server thread/INFO]: Saving chunks for level 'ServerLevel[world]'/minecraft:the_nether
[12:57:54] [Server thread/INFO]: Saving chunks for level 'ServerLevel[world]'/minecraft:the_end
[12:57:54] [Server thread/INFO]: ThreadedAnvilChunkStorage (world): All chunks are saved
[12:57:54] [Server thread/INFO]: ThreadedAnvilChunkStorage (DIM-1): All chunks are saved
[12:57:54] [Server thread/INFO]: ThreadedAnvilChunkStorage (DIM1): All chunks are saved
[12:57:54] [Server thread/INFO]: ThreadedAnvilChunkStorage: All dimensions are saved
